Timnestamp: 2015-06-19 14:16:19.672932
2015-06-19 14:16:21.466756 env: Elevate tag: SOMEORG-RCWAT18 success: {'Elevate': False}
2015-06-19 14:16:22.107226 env: Retail tag: SOMEORG-RCWAT8 success: {'Elevate': False, 'Retail': False}
2015-06-19 14:16:22.765045 env: Corporate tag: SOMEORG-RCWAT9 success: {'Elevate': False, 'Retail': False, 'Corporate': False}
2015-06-19 14:16:23.395866 env: Inc tag: SOMEORG-RCWAT22 success: {'Elevate': False, 'Retail': False, 'Corporate': False, 'Inc': False}
2015-06-19 14:16:24.090772 env: Elevate tag: SOMEORG-RCWAT17 success: {'Elevate': True}
2015-06-19 14:16:24.753075 env: Retail tag: SOMEORG-RCWAT3 success: {'Elevate': True, 'Retail': False}
2015-06-19 14:16:25.401887 env: Corp tag: SOMEORG-RCWAT0 success: {'Elevate': True, 'Retail': False, 'Corp': True}
2015-06-19 14:16:25.947076 env: Smoke tag: SOMEORG-RCWAT success: {'Elevate': True, 'Retail': False, 'Corp': True, 'Smoke': False}
2015-06-19 14:16:26.379278 env: Inc tag: SOMEORG-RCWAT21 success: {'Elevate': True, 'Retail': False, 'Corp': True, 'Smoke': False, 'Inc': False}
2015-06-19 14:16:26.849632 env: Elevate tag: SOMEORG-RCWAT19 success: {'Elevate': False}
2015-06-19 14:16:27.439050 env: Retail tag: SOMEORG-RCWAT4 success: {'Elevate': False, 'Retail': False}
2015-06-19 14:16:27.915152 env: Corp tag: SOMEORG-RCWAT5 success: {'Elevate': False, 'Retail': False, 'Corp': True}
2015-06-19 14:16:28.376646 env: Inc tag: SOMEORG-RCWAT23 success: {'Elevate': False, 'Retail': False, 'Corp': True, 'Inc': True}
Light changing from None to red!
sending to geckoboard for environment SIT at https://push.geckoboard.com/v1/send/146729-b35320bb-c355-405f-a228-71c5656a0709
success!
Timnestamp: 2015-06-19 14:17:01.002493
ERROR: can't get info from Bamboo:
HTTPSConnectionPool(host='bamboo-corp.dev.someorg.com.au', port=443): Max retries exceeded with url: /rest/api/latest/result/SOMEORG-RCWAT18/latest.json (Caused by ProxyError('Cannot connect to proxy.', gaierror(-2, 'Name or service not known')))
2015-06-19 14:17:01.051866 env: Elevate tag: SOMEORG-RCWAT18 success: {'Elevate': None}
ERROR: can't get info from Bamboo:
HTTPSConnectionPool(host='bamboo-corp.dev.someorg.com.au', port=443): Max retries exceeded with url: /rest/api/latest/result/SOMEORG-RCWAT8/latest.json (Caused by ProxyError('Cannot connect to proxy.', gaierror(-2, 'Name or service not known')))
2015-06-19 14:17:01.086400 env: Retail tag: SOMEORG-RCWAT8 success: {'Elevate': None, 'Retail': None}
ERROR: can't get info from Bamboo:
HTTPSConnectionPool(host='bamboo-corp.dev.someorg.com.au', port=443): Max retries exceeded with url: /rest/api/latest/result/SOMEORG-RCWAT9/latest.json (Caused by ProxyError('Cannot connect to proxy.', gaierror(-2, 'Name or service not known')))
2015-06-19 14:17:01.121438 env: Corporate tag: SOMEORG-RCWAT9 success: {'Elevate': None, 'Retail': None, 'Corporate': None}
ERROR: can't get info from Bamboo:
HTTPSConnectionPool(host='bamboo-corp.dev.someorg.com.au', port=443): Max retries exceeded with url: /rest/api/latest/result/SOMEORG-RCWAT22/latest.json (Caused by ProxyError('Cannot connect to proxy.', gaierror(-2, 'Name or service not known')))
2015-06-19 14:17:01.156378 env: Inc tag: SOMEORG-RCWAT22 success: {'Elevate': None, 'Retail': None, 'Corporate': None, 'Inc': None}
ERROR: can't get info from Bamboo:
HTTPSConnectionPool(host='bamboo-corp.dev.someorg.com.au', port=443): Max retries exceeded with url: /rest/api/latest/result/SOMEORG-RCWAT17/latest.json (Caused by ProxyError('Cannot connect to proxy.', gaierror(-2, 'Name or service not known')))
2015-06-19 14:17:01.192444 env: Elevate tag: SOMEORG-RCWAT17 success: {'Elevate': None}
ERROR: can't get info from Bamboo:
HTTPSConnectionPool(host='bamboo-corp.dev.someorg.com.au', port=443): Max retries exceeded with url: /rest/api/latest/result/SOMEORG-RCWAT3/latest.json (Caused by ProxyError('Cannot connect to proxy.', gaierror(-2, 'Name or service not known')))
2015-06-19 14:17:01.234416 env: Retail tag: SOMEORG-RCWAT3 success: {'Elevate': None, 'Retail': None}
ERROR: can't get info from Bamboo:
HTTPSConnectionPool(host='bamboo-corp.dev.someorg.com.au', port=443): Max retries exceeded with url: /rest/api/latest/result/SOMEORG-RCWAT0/latest.json (Caused by ProxyError('Cannot connect to proxy.', gaierror(-2, 'Name or service not known')))
2015-06-19 14:17:01.269349 env: Corp tag: SOMEORG-RCWAT0 success: {'Elevate': None, 'Retail': None, 'Corp': None}
ERROR: can't get info from Bamboo:
HTTPSConnectionPool(host='bamboo-corp.dev.someorg.com.au', port=443): Max retries exceeded with url: /rest/api/latest/result/SOMEORG-RCWAT/latest.json (Caused by ProxyError('Cannot connect to proxy.', gaierror(-2, 'Name or service not known')))
2015-06-19 14:17:01.304292 env: Smoke tag: SOMEORG-RCWAT success: {'Elevate': None, 'Retail': None, 'Corp': None, 'Smoke': None}
ERROR: can't get info from Bamboo:
HTTPSConnectionPool(host='bamboo-corp.dev.someorg.com.au', port=443): Max retries exceeded with url: /rest/api/latest/result/SOMEORG-RCWAT21/latest.json (Caused by ProxyError('Cannot connect to proxy.', gaierror(-2, 'Name or service not known')))
2015-06-19 14:17:01.339197 env: Inc tag: SOMEORG-RCWAT21 success: {'Elevate': None, 'Retail': None, 'Corp': None, 'Smoke': None, 'Inc': None}
ERROR: can't get info from Bamboo:
HTTPSConnectionPool(host='bamboo-corp.dev.someorg.com.au', port=443): Max retries exceeded with url: /rest/api/latest/result/SOMEORG-RCWAT19/latest.json (Caused by ProxyError('Cannot connect to proxy.', gaierror(-2, 'Name or service not known')))
2015-06-19 14:17:01.374072 env: Elevate tag: SOMEORG-RCWAT19 success: {'Elevate': None}
ERROR: can't get info from Bamboo:
HTTPSConnectionPool(host='bamboo-corp.dev.someorg.com.au', port=443): Max retries exceeded with url: /rest/api/latest/result/SOMEORG-RCWAT4/latest.json (Caused by ProxyError('Cannot connect to proxy.', gaierror(-2, 'Name or service not known')))
2015-06-19 14:17:01.409168 env: Retail tag: SOMEORG-RCWAT4 success: {'Elevate': None, 'Retail': None}
ERROR: can't get info from Bamboo:
HTTPSConnectionPool(host='bamboo-corp.dev.someorg.com.au', port=443): Max retries exceeded with url: /rest/api/latest/result/SOMEORG-RCWAT5/latest.json (Caused by ProxyError('Cannot connect to proxy.', gaierror(-2, 'Name or service not known')))
2015-06-19 14:17:01.443580 env: Corp tag: SOMEORG-RCWAT5 success: {'Elevate': None, 'Retail': None, 'Corp': None}
ERROR: can't get info from Bamboo:
HTTPSConnectionPool(host='bamboo-corp.dev.someorg.com.au', port=443): Max retries exceeded with url: /rest/api/latest/result/SOMEORG-RCWAT23/latest.json (Caused by ProxyError('Cannot connect to proxy.', gaierror(-2, 'Name or service not known')))
2015-06-19 14:17:01.478511 env: Inc tag: SOMEORG-RCWAT23 success: {'Elevate': None, 'Retail': None, 'Corp': None, 'Inc': None}
Light changing from red to redyellow!
sending to geckoboard for environment SIT at https://push.geckoboard.com/v1/send/146729-b35320bb-c355-405f-a228-71c5656a0709
Couldn't write to geckoboard
Unhandled exception. Something may be wrong
HTTPSConnectionPool(host='push.geckoboard.com', port=443): Max retries exceeded with url: /v1/send/146729-b35320bb-c355-405f-a228-71c5656a0709 (Caused by ProxyError('Cannot connect to proxy.', gaierror(-2, 'Name or service not known')))
Light changing from redyellow to all!
Timnestamp: 2015-06-19 14:17:33.229293
ERROR: can't get info from Bamboo:
HTTPSConnectionPool(host='bamboo-corp.dev.someorg.com.au', port=443): Max retries exceeded with url: /rest/api/latest/result/SOMEORG-RCWAT18/latest.json (Caused by ProxyError('Cannot connect to proxy.', gaierror(-2, 'Name or service not known')))
2015-06-19 14:17:33.300954 env: Elevate tag: SOMEORG-RCWAT18 success: {'Elevate': None}
ERROR: can't get info from Bamboo:
HTTPSConnectionPool(host='bamboo-corp.dev.someorg.com.au', port=443): Max retries exceeded with url: /rest/api/latest/result/SOMEORG-RCWAT8/latest.json (Caused by ProxyError('Cannot connect to proxy.', gaierror(-2, 'Name or service not known')))
2015-06-19 14:17:33.350588 env: Retail tag: SOMEORG-RCWAT8 success: {'Elevate': None, 'Retail': None}
ERROR: can't get info from Bamboo:
HTTPSConnectionPool(host='bamboo-corp.dev.someorg.com.au', port=443): Max retries exceeded with url: /rest/api/latest/result/SOMEORG-RCWAT9/latest.json (Caused by ProxyError('Cannot connect to proxy.', gaierror(-2, 'Name or service not known')))
2015-06-19 14:17:33.399620 env: Corporate tag: SOMEORG-RCWAT9 success: {'Elevate': None, 'Retail': None, 'Corporate': None}
ERROR: can't get info from Bamboo:
HTTPSConnectionPool(host='bamboo-corp.dev.someorg.com.au', port=443): Max retries exceeded with url: /rest/api/latest/result/SOMEORG-RCWAT22/latest.json (Caused by ProxyError('Cannot connect to proxy.', gaierror(-2, 'Name or service not known')))
2015-06-19 14:17:33.448367 env: Inc tag: SOMEORG-RCWAT22 success: {'Elevate': None, 'Retail': None, 'Corporate': None, 'Inc': None}
ERROR: can't get info from Bamboo:
HTTPSConnectionPool(host='bamboo-corp.dev.someorg.com.au', port=443): Max retries exceeded with url: /rest/api/latest/result/SOMEORG-RCWAT17/latest.json (Caused by ProxyError('Cannot connect to proxy.', gaierror(-2, 'Name or service not known')))
2015-06-19 14:17:33.499544 env: Elevate tag: SOMEORG-RCWAT17 success: {'Elevate': None}
ERROR: can't get info from Bamboo:
HTTPSConnectionPool(host='bamboo-corp.dev.someorg.com.au', port=443): Max retries exceeded with url: /rest/api/latest/result/SOMEORG-RCWAT3/latest.json (Caused by ProxyError('Cannot connect to proxy.', gaierror(-2, 'Name or service not known')))
2015-06-19 14:17:33.544366 env: Retail tag: SOMEORG-RCWAT3 success: {'Elevate': None, 'Retail': None}
ERROR: can't get info from Bamboo:
HTTPSConnectionPool(host='bamboo-corp.dev.someorg.com.au', port=443): Max retries exceeded with url: /rest/api/latest/result/SOMEORG-RCWAT0/latest.json (Caused by ProxyError('Cannot connect to proxy.', gaierror(-2, 'Name or service not known')))
2015-06-19 14:17:33.580354 env: Corp tag: SOMEORG-RCWAT0 success: {'Elevate': None, 'Retail': None, 'Corp': None}
ERROR: can't get info from Bamboo:
HTTPSConnectionPool(host='bamboo-corp.dev.someorg.com.au', port=443): Max retries exceeded with url: /rest/api/latest/result/SOMEORG-RCWAT/latest.json (Caused by ProxyError('Cannot connect to proxy.', gaierror(-2, 'Name or service not known')))
2015-06-19 14:17:33.615819 env: Smoke tag: SOMEORG-RCWAT success: {'Elevate': None, 'Retail': None, 'Corp': None, 'Smoke': None}
ERROR: can't get info from Bamboo:
HTTPSConnectionPool(host='bamboo-corp.dev.someorg.com.au', port=443): Max retries exceeded with url: /rest/api/latest/result/SOMEORG-RCWAT21/latest.json (Caused by ProxyError('Cannot connect to proxy.', gaierror(-2, 'Name or service not known')))
2015-06-19 14:17:33.652749 env: Inc tag: SOMEORG-RCWAT21 success: {'Elevate': None, 'Retail': None, 'Corp': None, 'Smoke': None, 'Inc': None}
ERROR: can't get info from Bamboo:
HTTPSConnectionPool(host='bamboo-corp.dev.someorg.com.au', port=443): Max retries exceeded with url: /rest/api/latest/result/SOMEORG-RCWAT19/latest.json (Caused by ProxyError('Cannot connect to proxy.', gaierror(-2, 'Name or service not known')))
2015-06-19 14:17:33.688205 env: Elevate tag: SOMEORG-RCWAT19 success: {'Elevate': None}
ERROR: can't get info from Bamboo:
HTTPSConnectionPool(host='bamboo-corp.dev.someorg.com.au', port=443): Max retries exceeded with url: /rest/api/latest/result/SOMEORG-RCWAT4/latest.json (Caused by ProxyError('Cannot connect to proxy.', gaierror(-2, 'Name or service not known')))
2015-06-19 14:17:33.729772 env: Retail tag: SOMEORG-RCWAT4 success: {'Elevate': None, 'Retail': None}
ERROR: can't get info from Bamboo:
HTTPSConnectionPool(host='bamboo-corp.dev.someorg.com.au', port=443): Max retries exceeded with url: /rest/api/latest/result/SOMEORG-RCWAT5/latest.json (Caused by ProxyError('Cannot connect to proxy.', gaierror(-2, 'Name or service not known')))
2015-06-19 14:17:33.771566 env: Corp tag: SOMEORG-RCWAT5 success: {'Elevate': None, 'Retail': None, 'Corp': None}
ERROR: can't get info from Bamboo:
HTTPSConnectionPool(host='bamboo-corp.dev.someorg.com.au', port=443): Max retries exceeded with url: /rest/api/latest/result/SOMEORG-RCWAT23/latest.json (Caused by ProxyError('Cannot connect to proxy.', gaierror(-2, 'Name or service not known')))
2015-06-19 14:17:33.820450 env: Inc tag: SOMEORG-RCWAT23 success: {'Elevate': None, 'Retail': None, 'Corp': None, 'Inc': None}
sending to geckoboard for environment SIT at https://push.geckoboard.com/v1/send/146729-b35320bb-c355-405f-a228-71c5656a0709
Couldn't write to geckoboard
Unhandled exception. Something may be wrong
HTTPSConnectionPool(host='push.geckoboard.com', port=443): Max retries exceeded with url: /v1/send/146729-b35320bb-c355-405f-a228-71c5656a0709 (Caused by ProxyError('Cannot connect to proxy.', gaierror(-2, 'Name or service not known')))
Timnestamp: 2015-06-19 14:18:03.899452
ERROR: can't get info from Bamboo:
HTTPSConnectionPool(host='bamboo-corp.dev.someorg.com.au', port=443): Max retries exceeded with url: /rest/api/latest/result/SOMEORG-RCWAT18/latest.json (Caused by ProxyError('Cannot connect to proxy.', gaierror(-2, 'Name or service not known')))
2015-06-19 14:18:03.934124 env: Elevate tag: SOMEORG-RCWAT18 success: {'Elevate': None}
ERROR: can't get info from Bamboo:
HTTPSConnectionPool(host='bamboo-corp.dev.someorg.com.au', port=443): Max retries exceeded with url: /rest/api/latest/result/SOMEORG-RCWAT8/latest.json (Caused by ProxyError('Cannot connect to proxy.', gaierror(-2, 'Name or service not known')))
2015-06-19 14:18:03.970078 env: Retail tag: SOMEORG-RCWAT8 success: {'Elevate': None, 'Retail': None}
ERROR: can't get info from Bamboo:
HTTPSConnectionPool(host='bamboo-corp.dev.someorg.com.au', port=443): Max retries exceeded with url: /rest/api/latest/result/SOMEORG-RCWAT9/latest.json (Caused by ProxyError('Cannot connect to proxy.', gaierror(-2, 'Name or service not known')))
2015-06-19 14:18:04.005226 env: Corporate tag: SOMEORG-RCWAT9 success: {'Elevate': None, 'Retail': None, 'Corporate': None}
ERROR: can't get info from Bamboo:
HTTPSConnectionPool(host='bamboo-corp.dev.someorg.com.au', port=443): Max retries exceeded with url: /rest/api/latest/result/SOMEORG-RCWAT22/latest.json (Caused by ProxyError('Cannot connect to proxy.', gaierror(-2, 'Name or service not known')))
2015-06-19 14:18:04.041751 env: Inc tag: SOMEORG-RCWAT22 success: {'Elevate': None, 'Retail': None, 'Corporate': None, 'Inc': None}
ERROR: can't get info from Bamboo:
HTTPSConnectionPool(host='bamboo-corp.dev.someorg.com.au', port=443): Max retries exceeded with url: /rest/api/latest/result/SOMEORG-RCWAT17/latest.json (Caused by ProxyError('Cannot connect to proxy.', gaierror(-2, 'Name or service not known')))
2015-06-19 14:18:04.077029 env: Elevate tag: SOMEORG-RCWAT17 success: {'Elevate': None}
ERROR: can't get info from Bamboo:
HTTPSConnectionPool(host='bamboo-corp.dev.someorg.com.au', port=443): Max retries exceeded with url: /rest/api/latest/result/SOMEORG-RCWAT3/latest.json (Caused by ProxyError('Cannot connect to proxy.', gaierror(-2, 'Name or service not known')))
2015-06-19 14:18:04.112331 env: Retail tag: SOMEORG-RCWAT3 success: {'Elevate': None, 'Retail': None}
ERROR: can't get info from Bamboo:
HTTPSConnectionPool(host='bamboo-corp.dev.someorg.com.au', port=443): Max retries exceeded with url: /rest/api/latest/result/SOMEORG-RCWAT0/latest.json (Caused by ProxyError('Cannot connect to proxy.', gaierror(-2, 'Name or service not known')))
2015-06-19 14:18:04.147746 env: Corp tag: SOMEORG-RCWAT0 success: {'Elevate': None, 'Retail': None, 'Corp': None}
ERROR: can't get info from Bamboo:
HTTPSConnectionPool(host='bamboo-corp.dev.someorg.com.au', port=443): Max retries exceeded with url: /rest/api/latest/result/SOMEORG-RCWAT/latest.json (Caused by ProxyError('Cannot connect to proxy.', gaierror(-2, 'Name or service not known')))
2015-06-19 14:18:04.183288 env: Smoke tag: SOMEORG-RCWAT success: {'Elevate': None, 'Retail': None, 'Corp': None, 'Smoke': None}
ERROR: can't get info from Bamboo:
HTTPSConnectionPool(host='bamboo-corp.dev.someorg.com.au', port=443): Max retries exceeded with url: /rest/api/latest/result/SOMEORG-RCWAT21/latest.json (Caused by ProxyError('Cannot connect to proxy.', gaierror(-2, 'Name or service not known')))
2015-06-19 14:18:04.219624 env: Inc tag: SOMEORG-RCWAT21 success: {'Elevate': None, 'Retail': None, 'Corp': None, 'Smoke': None, 'Inc': None}
ERROR: can't get info from Bamboo:
HTTPSConnectionPool(host='bamboo-corp.dev.someorg.com.au', port=443): Max retries exceeded with url: /rest/api/latest/result/SOMEORG-RCWAT19/latest.json (Caused by ProxyError('Cannot connect to proxy.', gaierror(-2, 'Name or service not known')))
2015-06-19 14:18:04.254953 env: Elevate tag: SOMEORG-RCWAT19 success: {'Elevate': None}
ERROR: can't get info from Bamboo:
HTTPSConnectionPool(host='bamboo-corp.dev.someorg.com.au', port=443): Max retries exceeded with url: /rest/api/latest/result/SOMEORG-RCWAT4/latest.json (Caused by ProxyError('Cannot connect to proxy.', gaierror(-2, 'Name or service not known')))
2015-06-19 14:18:04.290491 env: Retail tag: SOMEORG-RCWAT4 success: {'Elevate': None, 'Retail': None}
ERROR: can't get info from Bamboo:
HTTPSConnectionPool(host='bamboo-corp.dev.someorg.com.au', port=443): Max retries exceeded with url: /rest/api/latest/result/SOMEORG-RCWAT5/latest.json (Caused by ProxyError('Cannot connect to proxy.', gaierror(-2, 'Name or service not known')))
2015-06-19 14:18:04.325529 env: Corp tag: SOMEORG-RCWAT5 success: {'Elevate': None, 'Retail': None, 'Corp': None}
ERROR: can't get info from Bamboo:
HTTPSConnectionPool(host='bamboo-corp.dev.someorg.com.au', port=443): Max retries exceeded with url: /rest/api/latest/result/SOMEORG-RCWAT23/latest.json (Caused by ProxyError('Cannot connect to proxy.', gaierror(-2, 'Name or service not known')))
2015-06-19 14:18:04.361523 env: Inc tag: SOMEORG-RCWAT23 success: {'Elevate': None, 'Retail': None, 'Corp': None, 'Inc': None}
sending to geckoboard for environment SIT at https://push.geckoboard.com/v1/send/146729-b35320bb-c355-405f-a228-71c5656a0709
Couldn't write to geckoboard
Unhandled exception. Something may be wrong
HTTPSConnectionPool(host='push.geckoboard.com', port=443): Max retries exceeded with url: /v1/send/146729-b35320bb-c355-405f-a228-71c5656a0709 (Caused by ProxyError('Cannot connect to proxy.', gaierror(-2, 'Name or service not known')))
Timnestamp: 2015-06-19 14:18:34.429556
ERROR: can't get info from Bamboo:
HTTPSConnectionPool(host='bamboo-corp.dev.someorg.com.au', port=443): Max retries exceeded with url: /rest/api/latest/result/SOMEORG-RCWAT18/latest.json (Caused by ProxyError('Cannot connect to proxy.', gaierror(-2, 'Name or service not known')))
2015-06-19 14:18:34.465835 env: Elevate tag: SOMEORG-RCWAT18 success: {'Elevate': None}
ERROR: can't get info from Bamboo:
HTTPSConnectionPool(host='bamboo-corp.dev.someorg.com.au', port=443): Max retries exceeded with url: /rest/api/latest/result/SOMEORG-RCWAT8/latest.json (Caused by ProxyError('Cannot connect to proxy.', gaierror(-2, 'Name or service not known')))
2015-06-19 14:18:34.501449 env: Retail tag: SOMEORG-RCWAT8 success: {'Elevate': None, 'Retail': None}
ERROR: can't get info from Bamboo:
HTTPSConnectionPool(host='bamboo-corp.dev.someorg.com.au', port=443): Max retries exceeded with url: /rest/api/latest/result/SOMEORG-RCWAT9/latest.json (Caused by ProxyError('Cannot connect to proxy.', gaierror(-2, 'Name or service not known')))
2015-06-19 14:18:34.542551 env: Corporate tag: SOMEORG-RCWAT9 success: {'Elevate': None, 'Retail': None, 'Corporate': None}
ERROR: can't get info from Bamboo:
HTTPSConnectionPool(host='bamboo-corp.dev.someorg.com.au', port=443): Max retries exceeded with url: /rest/api/latest/result/SOMEORG-RCWAT22/latest.json (Caused by ProxyError('Cannot connect to proxy.', gaierror(-2, 'Name or service not known')))
2015-06-19 14:18:34.579023 env: Inc tag: SOMEORG-RCWAT22 success: {'Elevate': None, 'Retail': None, 'Corporate': None, 'Inc': None}
ERROR: can't get info from Bamboo:
HTTPSConnectionPool(host='bamboo-corp.dev.someorg.com.au', port=443): Max retries exceeded with url: /rest/api/latest/result/SOMEORG-RCWAT17/latest.json (Caused by ProxyError('Cannot connect to proxy.', gaierror(-2, 'Name or service not known')))
2015-06-19 14:18:34.614335 env: Elevate tag: SOMEORG-RCWAT17 success: {'Elevate': None}
ERROR: can't get info from Bamboo:
HTTPSConnectionPool(host='bamboo-corp.dev.someorg.com.au', port=443): Max retries exceeded with url: /rest/api/latest/result/SOMEORG-RCWAT3/latest.json (Caused by ProxyError('Cannot connect to proxy.', gaierror(-2, 'Name or service not known')))
2015-06-19 14:18:34.649523 env: Retail tag: SOMEORG-RCWAT3 success: {'Elevate': None, 'Retail': None}
ERROR: can't get info from Bamboo:
HTTPSConnectionPool(host='bamboo-corp.dev.someorg.com.au', port=443): Max retries exceeded with url: /rest/api/latest/result/SOMEORG-RCWAT0/latest.json (Caused by ProxyError('Cannot connect to proxy.', gaierror(-2, 'Name or service not known')))
2015-06-19 14:18:34.685323 env: Corp tag: SOMEORG-RCWAT0 success: {'Elevate': None, 'Retail': None, 'Corp': None}
ERROR: can't get info from Bamboo:
HTTPSConnectionPool(host='bamboo-corp.dev.someorg.com.au', port=443): Max retries exceeded with url: /rest/api/latest/result/SOMEORG-RCWAT/latest.json (Caused by ProxyError('Cannot connect to proxy.', gaierror(-2, 'Name or service not known')))
2015-06-19 14:18:34.721468 env: Smoke tag: SOMEORG-RCWAT success: {'Elevate': None, 'Retail': None, 'Corp': None, 'Smoke': None}
ERROR: can't get info from Bamboo:
HTTPSConnectionPool(host='bamboo-corp.dev.someorg.com.au', port=443): Max retries exceeded with url: /rest/api/latest/result/SOMEORG-RCWAT21/latest.json (Caused by ProxyError('Cannot connect to proxy.', gaierror(-2, 'Name or service not known')))
2015-06-19 14:18:34.757034 env: Inc tag: SOMEORG-RCWAT21 success: {'Elevate': None, 'Retail': None, 'Corp': None, 'Smoke': None, 'Inc': None}
ERROR: can't get info from Bamboo:
HTTPSConnectionPool(host='bamboo-corp.dev.someorg.com.au', port=443): Max retries exceeded with url: /rest/api/latest/result/SOMEORG-RCWAT19/latest.json (Caused by ProxyError('Cannot connect to proxy.', gaierror(-2, 'Name or service not known')))
2015-06-19 14:18:34.792171 env: Elevate tag: SOMEORG-RCWAT19 success: {'Elevate': None}
ERROR: can't get info from Bamboo:
HTTPSConnectionPool(host='bamboo-corp.dev.someorg.com.au', port=443): Max retries exceeded with url: /rest/api/latest/result/SOMEORG-RCWAT4/latest.json (Caused by ProxyError('Cannot connect to proxy.', gaierror(-2, 'Name or service not known')))
2015-06-19 14:18:34.827729 env: Retail tag: SOMEORG-RCWAT4 success: {'Elevate': None, 'Retail': None}
ERROR: can't get info from Bamboo:
HTTPSConnectionPool(host='bamboo-corp.dev.someorg.com.au', port=443): Max retries exceeded with url: /rest/api/latest/result/SOMEORG-RCWAT5/latest.json (Caused by ProxyError('Cannot connect to proxy.', gaierror(-2, 'Name or service not known')))
2015-06-19 14:18:34.862682 env: Corp tag: SOMEORG-RCWAT5 success: {'Elevate': None, 'Retail': None, 'Corp': None}
ERROR: can't get info from Bamboo:
HTTPSConnectionPool(host='bamboo-corp.dev.someorg.com.au', port=443): Max retries exceeded with url: /rest/api/latest/result/SOMEORG-RCWAT23/latest.json (Caused by ProxyError('Cannot connect to proxy.', gaierror(-2, 'Name or service not known')))
2015-06-19 14:18:34.898047 env: Inc tag: SOMEORG-RCWAT23 success: {'Elevate': None, 'Retail': None, 'Corp': None, 'Inc': None}
sending to geckoboard for environment SIT at https://push.geckoboard.com/v1/send/146729-b35320bb-c355-405f-a228-71c5656a0709
Couldn't write to geckoboard
Unhandled exception. Something may be wrong
HTTPSConnectionPool(host='push.geckoboard.com', port=443): Max retries exceeded with url: /v1/send/146729-b35320bb-c355-405f-a228-71c5656a0709 (Caused by ProxyError('Cannot connect to proxy.', gaierror(-2, 'Name or service not known')))